2024-12-29 18:40:32,236 - INFO - Starting workorder update process
2024-12-29 18:40:32,236 - INFO - Processing WorkOrder ID: 49371
2024-12-29 18:40:32,424 - ERROR - Failed: WorkOrder ID 49371 - Status Code 500
2024-12-29 18:40:32,424 - INFO - Processing WorkOrder ID: 49359
2024-12-29 18:40:32,578 - ERROR - Failed: WorkOrder ID 49359 - Status Code 500
2024-12-29 18:40:32,578 - INFO - Workorder update process completed
2024-12-29 18:42:24,170 - INFO - Starting workorder update process
2024-12-29 18:42:24,170 - INFO - Processing WorkOrder ID: 49371
2024-12-29 18:42:24,375 - ERROR - Failed: WorkOrder ID 49371 - Status Code 500
2024-12-29 18:42:24,375 - INFO - Processing WorkOrder ID: 49359
2024-12-29 18:42:24,533 - ERROR - Failed: WorkOrder ID 49359 - Status Code 500
2024-12-29 18:42:24,533 - INFO - Workorder update process completed
2024-12-29 18:43:44,930 - INFO - Starting workorder update process
2024-12-29 18:43:44,931 - INFO - Processing WorkOrder ID: 49371
2024-12-29 18:43:45,075 - ERROR - Failed: WorkOrder ID 49371 - Status Code 500
2024-12-29 18:43:45,075 - INFO - Processing WorkOrder ID: 49101
2024-12-29 18:43:45,561 - ERROR - Failed: WorkOrder ID 49101 - Status Code 500
2024-12-29 18:43:45,561 - INFO - Workorder update process completed
2024-12-29 19:01:17,033 - INFO - Starting workorder update process
2024-12-29 19:01:17,033 - INFO - Processing WorkOrder ID: 49121
2024-12-29 19:01:17,365 - INFO - Success: WorkOrder ID 49121
2024-12-29 19:01:17,365 - INFO - Workorder update process completed
2024-12-29 19:25:29,705 - INFO - Starting workorder update process
2024-12-29 19:25:29,705 - INFO - Processing WorkOrder ID: 49371
2024-12-29 19:25:30,462 - INFO - Success: WorkOrder ID 49371
2024-12-29 19:25:30,462 - INFO - Processing WorkOrder ID: 49359
2024-12-29 19:25:31,101 - INFO - Success: WorkOrder ID 49359
2024-12-29 19:25:31,102 - INFO - Processing WorkOrder ID: 49358
2024-12-29 19:25:31,932 - INFO - Success: WorkOrder ID 49358
2024-12-29 19:25:31,933 - INFO - Processing WorkOrder ID: 49356
2024-12-29 19:25:32,579 - INFO - Success: WorkOrder ID 49356
2024-12-29 19:25:32,580 - INFO - Processing WorkOrder ID: 49355
2024-12-29 19:25:33,255 - INFO - Success: WorkOrder ID 49355
2024-12-29 19:25:33,256 - INFO - Processing WorkOrder ID: 49349
2024-12-29 19:25:33,813 - INFO - Success: WorkOrder ID 49349
2024-12-29 19:25:33,814 - INFO - Processing WorkOrder ID: 49348
2024-12-29 19:25:34,428 - INFO - Success: WorkOrder ID 49348
2024-12-29 19:25:34,428 - INFO - Processing WorkOrder ID: 49347
2024-12-29 19:25:35,080 - INFO - Success: WorkOrder ID 49347
2024-12-29 19:25:35,081 - INFO - Processing WorkOrder ID: 49346
2024-12-29 19:25:35,679 - INFO - Success: WorkOrder ID 49346
2024-12-29 19:25:35,679 - INFO - Processing WorkOrder ID: 49345
2024-12-29 19:25:41,308 - INFO - Success: WorkOrder ID 49345
2024-12-29 19:25:41,308 - INFO - Processing WorkOrder ID: 49343
2024-12-29 19:25:41,875 - INFO - Success: WorkOrder ID 49343
2024-12-29 19:25:41,875 - INFO - Processing WorkOrder ID: 49342
2024-12-29 19:25:42,545 - INFO - Success: WorkOrder ID 49342
2024-12-29 19:25:42,546 - INFO - Processing WorkOrder ID: 49341
2024-12-29 19:25:43,222 - INFO - Success: WorkOrder ID 49341
2024-12-29 19:25:43,222 - INFO - Processing WorkOrder ID: 49340
2024-12-29 19:25:43,775 - INFO - Success: WorkOrder ID 49340
2024-12-29 19:25:43,776 - INFO - Processing WorkOrder ID: 49339
2024-12-29 19:25:44,344 - INFO - Success: WorkOrder ID 49339
2024-12-29 19:25:44,345 - INFO - Processing WorkOrder ID: 49334
2024-12-29 19:25:44,976 - INFO - Success: WorkOrder ID 49334
2024-12-29 19:25:44,979 - INFO - Processing WorkOrder ID: 49332
2024-12-29 19:25:45,612 - INFO - Success: WorkOrder ID 49332
2024-12-29 19:25:45,612 - INFO - Processing WorkOrder ID: 49329
2024-12-29 19:25:46,248 - INFO - Success: WorkOrder ID 49329
2024-12-29 19:25:46,249 - INFO - Processing WorkOrder ID: 49328
2024-12-29 19:25:46,864 - INFO - Success: WorkOrder ID 49328
2024-12-29 19:25:46,865 - INFO - Processing WorkOrder ID: 49325
2024-12-29 19:25:47,455 - INFO - Success: WorkOrder ID 49325
2024-12-29 19:25:47,455 - INFO - Processing WorkOrder ID: 49324
2024-12-29 19:25:48,057 - INFO - Success: WorkOrder ID 49324
2024-12-29 19:25:48,057 - INFO - Processing WorkOrder ID: 49321
2024-12-29 19:25:48,656 - INFO - Success: WorkOrder ID 49321
2024-12-29 19:25:48,657 - INFO - Processing WorkOrder ID: 49320
2024-12-29 19:25:49,304 - INFO - Success: WorkOrder ID 49320
2024-12-29 19:25:49,305 - INFO - Processing WorkOrder ID: 49295
2024-12-29 19:25:49,907 - INFO - Success: WorkOrder ID 49295
2024-12-29 19:25:49,908 - INFO - Processing WorkOrder ID: 49293
2024-12-29 19:25:50,457 - INFO - Success: WorkOrder ID 49293
2024-12-29 19:25:50,459 - INFO - Processing WorkOrder ID: 49286
2024-12-29 19:25:51,036 - INFO - Success: WorkOrder ID 49286
2024-12-29 19:25:51,038 - INFO - Processing WorkOrder ID: 49284
2024-12-29 19:25:51,623 - INFO - Success: WorkOrder ID 49284
2024-12-29 19:25:51,624 - INFO - Processing WorkOrder ID: 49281
2024-12-29 19:25:52,312 - INFO - Success: WorkOrder ID 49281
2024-12-29 19:25:52,312 - INFO - Processing WorkOrder ID: 49277
2024-12-29 19:25:52,965 - INFO - Success: WorkOrder ID 49277
2024-12-29 19:25:52,965 - INFO - Processing WorkOrder ID: 49276
2024-12-29 19:25:53,607 - INFO - Success: WorkOrder ID 49276
2024-12-29 19:25:53,608 - INFO - Processing WorkOrder ID: 49274
2024-12-29 19:25:54,440 - INFO - Success: WorkOrder ID 49274
2024-12-29 19:25:54,440 - INFO - Processing WorkOrder ID: 49273
2024-12-29 19:25:55,093 - INFO - Success: WorkOrder ID 49273
2024-12-29 19:25:55,093 - INFO - Processing WorkOrder ID: 49242
2024-12-29 19:25:55,717 - INFO - Success: WorkOrder ID 49242
2024-12-29 19:25:55,717 - INFO - Processing WorkOrder ID: 49239
2024-12-29 19:25:56,614 - INFO - Success: WorkOrder ID 49239
2024-12-29 19:25:56,614 - INFO - Processing WorkOrder ID: 49237
2024-12-29 19:25:57,412 - INFO - Success: WorkOrder ID 49237
2024-12-29 19:25:57,413 - INFO - Processing WorkOrder ID: 49236
2024-12-29 19:25:58,049 - INFO - Success: WorkOrder ID 49236
2024-12-29 19:25:58,049 - INFO - Processing WorkOrder ID: 49235
2024-12-29 19:25:58,638 - INFO - Success: WorkOrder ID 49235
2024-12-29 19:25:58,638 - INFO - Processing WorkOrder ID: 49234
2024-12-29 19:25:59,460 - INFO - Success: WorkOrder ID 49234
2024-12-29 19:25:59,461 - INFO - Processing WorkOrder ID: 49233
2024-12-29 19:26:00,062 - INFO - Success: WorkOrder ID 49233
2024-12-29 19:26:00,062 - INFO - Processing WorkOrder ID: 49229
2024-12-29 19:26:00,645 - INFO - Success: WorkOrder ID 49229
2024-12-29 19:26:00,645 - INFO - Processing WorkOrder ID: 49228
2024-12-29 19:26:01,278 - INFO - Success: WorkOrder ID 49228
2024-12-29 19:26:01,278 - INFO - Processing WorkOrder ID: 49227
2024-12-29 19:26:01,847 - INFO - Success: WorkOrder ID 49227
2024-12-29 19:26:01,848 - INFO - Processing WorkOrder ID: 49226
2024-12-29 19:26:02,676 - INFO - Success: WorkOrder ID 49226
2024-12-29 19:26:02,676 - INFO - Processing WorkOrder ID: 49222
2024-12-29 19:26:02,970 - ERROR - Failed: WorkOrder ID 49222 - Status Code 422
2024-12-29 19:26:02,970 - INFO - Processing WorkOrder ID: 49209
2024-12-29 19:26:03,701 - INFO - Success: WorkOrder ID 49209
2024-12-29 19:26:03,702 - INFO - Processing WorkOrder ID: 49197
2024-12-29 19:26:04,373 - INFO - Success: WorkOrder ID 49197
2024-12-29 19:26:04,373 - INFO - Processing WorkOrder ID: 49172
2024-12-29 19:26:05,101 - INFO - Success: WorkOrder ID 49172
2024-12-29 19:26:05,102 - INFO - Processing WorkOrder ID: 49162
2024-12-29 19:26:05,797 - INFO - Success: WorkOrder ID 49162
2024-12-29 19:26:05,797 - INFO - Processing WorkOrder ID: 49159
2024-12-29 19:26:06,522 - INFO - Success: WorkOrder ID 49159
2024-12-29 19:26:06,525 - INFO - Processing WorkOrder ID: 49154
2024-12-29 19:26:07,351 - INFO - Success: WorkOrder ID 49154
2024-12-29 19:26:07,352 - INFO - Processing WorkOrder ID: 49145
2024-12-29 19:26:08,253 - INFO - Success: WorkOrder ID 49145
2024-12-29 19:26:08,253 - INFO - Processing WorkOrder ID: 49129
2024-12-29 19:26:08,860 - INFO - Success: WorkOrder ID 49129
2024-12-29 19:26:08,860 - INFO - Processing WorkOrder ID: 49095
2024-12-29 19:26:09,460 - INFO - Success: WorkOrder ID 49095
2024-12-29 19:26:09,460 - INFO - Processing WorkOrder ID: 49028
2024-12-29 19:26:10,346 - INFO - Success: WorkOrder ID 49028
2024-12-29 19:26:10,346 - INFO - Processing WorkOrder ID: 49017
2024-12-29 19:26:12,047 - INFO - Success: WorkOrder ID 49017
2024-12-29 19:26:12,048 - INFO - Processing WorkOrder ID: 49014
2024-12-29 19:26:12,780 - INFO - Success: WorkOrder ID 49014
2024-12-29 19:26:12,782 - INFO - Processing WorkOrder ID: 49007
2024-12-29 19:26:13,349 - INFO - Success: WorkOrder ID 49007
2024-12-29 19:26:13,350 - INFO - Processing WorkOrder ID: 48988
2024-12-29 19:26:13,983 - INFO - Success: WorkOrder ID 48988
2024-12-29 19:26:13,983 - INFO - Processing WorkOrder ID: 48987
2024-12-29 19:26:14,533 - INFO - Success: WorkOrder ID 48987
2024-12-29 19:26:14,533 - INFO - Processing WorkOrder ID: 48980
2024-12-29 19:26:14,788 - ERROR - Failed: WorkOrder ID 48980 - Status Code 422
2024-12-29 19:26:14,789 - INFO - Processing WorkOrder ID: 48929
2024-12-29 19:26:15,072 - ERROR - Failed: WorkOrder ID 48929 - Status Code 422
2024-12-29 19:26:15,072 - INFO - Processing WorkOrder ID: 48895
2024-12-29 19:26:15,851 - INFO - Success: WorkOrder ID 48895
2024-12-29 19:26:15,852 - INFO - Processing WorkOrder ID: 48835
2024-12-29 19:26:16,502 - INFO - Success: WorkOrder ID 48835
2024-12-29 19:26:16,503 - INFO - Processing WorkOrder ID: 48772
2024-12-29 19:26:17,156 - INFO - Success: WorkOrder ID 48772
2024-12-29 19:26:17,156 - INFO - Processing WorkOrder ID: 48745
2024-12-29 19:26:17,725 - INFO - Success: WorkOrder ID 48745
2024-12-29 19:26:17,726 - INFO - Processing WorkOrder ID: 48681
2024-12-29 19:26:18,325 - INFO - Success: WorkOrder ID 48681
2024-12-29 19:26:18,328 - INFO - Processing WorkOrder ID: 48636
2024-12-29 19:26:18,865 - INFO - Success: WorkOrder ID 48636
2024-12-29 19:26:18,867 - INFO - Processing WorkOrder ID: 48471
2024-12-29 19:26:19,444 - INFO - Success: WorkOrder ID 48471
2024-12-29 19:26:19,446 - INFO - Processing WorkOrder ID: 48468
2024-12-29 19:26:20,036 - INFO - Success: WorkOrder ID 48468
2024-12-29 19:26:20,036 - INFO - Processing WorkOrder ID: 48380
2024-12-29 19:26:20,676 - INFO - Success: WorkOrder ID 48380
2024-12-29 19:26:20,677 - INFO - Processing WorkOrder ID: 48379
2024-12-29 19:26:22,078 - INFO - Success: WorkOrder ID 48379
2024-12-29 19:26:22,078 - INFO - Processing WorkOrder ID: 48377
2024-12-29 19:26:22,693 - INFO - Success: WorkOrder ID 48377
2024-12-29 19:26:22,695 - INFO - Processing WorkOrder ID: 48079
2024-12-29 19:26:23,268 - INFO - Success: WorkOrder ID 48079
2024-12-29 19:26:23,270 - INFO - Processing WorkOrder ID: 48023
2024-12-29 19:26:23,871 - INFO - Success: WorkOrder ID 48023
2024-12-29 19:26:23,871 - INFO - Processing WorkOrder ID: 48020
2024-12-29 19:26:24,414 - INFO - Success: WorkOrder ID 48020
2024-12-29 19:26:24,415 - INFO - Processing WorkOrder ID: 48019
2024-12-29 19:26:24,982 - INFO - Success: WorkOrder ID 48019
2024-12-29 19:26:24,982 - INFO - Processing WorkOrder ID: 48013
2024-12-29 19:26:25,590 - INFO - Success: WorkOrder ID 48013
2024-12-29 19:26:25,591 - INFO - Processing WorkOrder ID: 48008
2024-12-29 19:26:26,170 - INFO - Success: WorkOrder ID 48008
2024-12-29 19:26:26,171 - INFO - Processing WorkOrder ID: 48002
2024-12-29 19:26:26,745 - INFO - Success: WorkOrder ID 48002
2024-12-29 19:26:26,746 - INFO - Processing WorkOrder ID: 47995
2024-12-29 19:26:29,208 - INFO - Success: WorkOrder ID 47995
2024-12-29 19:26:29,209 - INFO - Processing WorkOrder ID: 47980
2024-12-29 19:26:29,832 - INFO - Success: WorkOrder ID 47980
2024-12-29 19:26:29,832 - INFO - Processing WorkOrder ID: 47909
2024-12-29 19:26:30,426 - INFO - Success: WorkOrder ID 47909
2024-12-29 19:26:30,426 - INFO - Processing WorkOrder ID: 47878
2024-12-29 19:26:30,691 - ERROR - Failed: WorkOrder ID 47878 - Status Code 422
2024-12-29 19:26:30,692 - INFO - Processing WorkOrder ID: 47867
2024-12-29 19:26:31,450 - INFO - Success: WorkOrder ID 47867
2024-12-29 19:26:31,450 - INFO - Processing WorkOrder ID: 47832
2024-12-29 19:26:32,010 - INFO - Success: WorkOrder ID 47832
2024-12-29 19:26:32,013 - INFO - Processing WorkOrder ID: 47714
2024-12-29 19:26:32,630 - INFO - Success: WorkOrder ID 47714
2024-12-29 19:26:32,631 - INFO - Processing WorkOrder ID: 47681
2024-12-29 19:26:33,259 - INFO - Success: WorkOrder ID 47681
2024-12-29 19:26:33,260 - INFO - Processing WorkOrder ID: 47163
2024-12-29 19:26:33,969 - INFO - Success: WorkOrder ID 47163
2024-12-29 19:26:33,970 - INFO - Processing WorkOrder ID: 46759
2024-12-29 19:26:34,584 - INFO - Success: WorkOrder ID 46759
2024-12-29 19:26:34,584 - INFO - Processing WorkOrder ID: 46397
2024-12-29 19:26:35,281 - INFO - Success: WorkOrder ID 46397
2024-12-29 19:26:35,283 - INFO - Processing WorkOrder ID: 46164
2024-12-29 19:26:35,871 - INFO - Success: WorkOrder ID 46164
2024-12-29 19:26:35,873 - INFO - Processing WorkOrder ID: 46127
2024-12-29 19:26:36,446 - INFO - Success: WorkOrder ID 46127
2024-12-29 19:26:36,447 - INFO - Processing WorkOrder ID: 45891
2024-12-29 19:26:37,022 - INFO - Success: WorkOrder ID 45891
2024-12-29 19:26:37,023 - INFO - Processing WorkOrder ID: 45712
2024-12-29 19:26:37,295 - ERROR - Failed: WorkOrder ID 45712 - Status Code 422
2024-12-29 19:26:37,295 - INFO - Processing WorkOrder ID: 45469
2024-12-29 19:26:37,897 - INFO - Success: WorkOrder ID 45469
2024-12-29 19:26:37,898 - INFO - Processing WorkOrder ID: 45227
2024-12-29 19:26:38,493 - INFO - Success: WorkOrder ID 45227
2024-12-29 19:26:38,494 - INFO - Processing WorkOrder ID: 45221
2024-12-29 19:26:39,126 - INFO - Success: WorkOrder ID 45221
2024-12-29 19:26:39,127 - INFO - Processing WorkOrder ID: 45142
2024-12-29 19:26:39,705 - INFO - Success: WorkOrder ID 45142
2024-12-29 19:26:39,706 - INFO - Processing WorkOrder ID: 44653
2024-12-29 19:26:41,721 - INFO - Success: WorkOrder ID 44653
2024-12-29 19:26:41,722 - INFO - Processing WorkOrder ID: 44650
2024-12-29 19:26:42,303 - INFO - Success: WorkOrder ID 44650
2024-12-29 19:26:42,304 - INFO - Processing WorkOrder ID: 44649
2024-12-29 19:26:42,951 - INFO - Success: WorkOrder ID 44649
2024-12-29 19:26:42,952 - INFO - Processing WorkOrder ID: 44623
2024-12-29 19:26:43,576 - INFO - Success: WorkOrder ID 44623
2024-12-29 19:26:43,576 - INFO - Processing WorkOrder ID: 44497
2024-12-29 19:26:44,134 - INFO - Success: WorkOrder ID 44497
2024-12-29 19:26:44,134 - INFO - Processing WorkOrder ID: 44421
2024-12-29 19:26:44,904 - INFO - Success: WorkOrder ID 44421
2024-12-29 19:26:44,905 - INFO - Processing WorkOrder ID: 44412
2024-12-29 19:26:45,472 - INFO - Success: WorkOrder ID 44412
2024-12-29 19:26:45,472 - INFO - Processing WorkOrder ID: 43826
2024-12-29 19:26:46,059 - INFO - Success: WorkOrder ID 43826
2024-12-29 19:26:46,059 - INFO - Processing WorkOrder ID: 43698
2024-12-29 19:26:46,343 - ERROR - Failed: WorkOrder ID 43698 - Status Code 422
2024-12-29 19:26:46,344 - INFO - Processing WorkOrder ID: 43697
2024-12-29 19:26:46,640 - ERROR - Failed: WorkOrder ID 43697 - Status Code 422
2024-12-29 19:26:46,641 - INFO - Processing WorkOrder ID: 43664
2024-12-29 19:26:47,248 - INFO - Success: WorkOrder ID 43664
2024-12-29 19:26:47,248 - INFO - Processing WorkOrder ID: 43611
2024-12-29 19:26:47,537 - ERROR - Failed: WorkOrder ID 43611 - Status Code 422
2024-12-29 19:26:47,538 - INFO - Processing WorkOrder ID: 43398
2024-12-29 19:26:48,120 - INFO - Success: WorkOrder ID 43398
2024-12-29 19:26:48,120 - INFO - Processing WorkOrder ID: 43207
2024-12-29 19:26:48,402 - ERROR - Failed: WorkOrder ID 43207 - Status Code 422
2024-12-29 19:26:48,402 - INFO - Processing WorkOrder ID: 43044
2024-12-29 19:26:49,360 - INFO - Success: WorkOrder ID 43044
2024-12-29 19:26:49,362 - INFO - Processing WorkOrder ID: 42820
2024-12-29 19:26:49,895 - INFO - Success: WorkOrder ID 42820
2024-12-29 19:26:49,895 - INFO - Processing WorkOrder ID: 42646
2024-12-29 19:26:50,407 - INFO - Success: WorkOrder ID 42646
2024-12-29 19:26:50,407 - INFO - Processing WorkOrder ID: 42574
2024-12-29 19:26:51,112 - INFO - Success: WorkOrder ID 42574
2024-12-29 19:26:51,112 - INFO - Processing WorkOrder ID: 42142
2024-12-29 19:26:51,388 - ERROR - Failed: WorkOrder ID 42142 - Status Code 422
2024-12-29 19:26:51,389 - INFO - Processing WorkOrder ID: 41663
2024-12-29 19:26:51,657 - ERROR - Failed: WorkOrder ID 41663 - Status Code 422
2024-12-29 19:26:51,658 - INFO - Processing WorkOrder ID: 41433
2024-12-29 19:26:52,249 - INFO - Success: WorkOrder ID 41433
2024-12-29 19:26:52,249 - INFO - Processing WorkOrder ID: 41387
2024-12-29 19:26:52,834 - INFO - Success: WorkOrder ID 41387
2024-12-29 19:26:52,835 - INFO - Processing WorkOrder ID: 40877
2024-12-29 19:26:53,472 - INFO - Success: WorkOrder ID 40877
2024-12-29 19:26:53,472 - INFO - Processing WorkOrder ID: 40483
2024-12-29 19:26:54,743 - ERROR - Failed: WorkOrder ID 40483 - Status Code 422
2024-12-29 19:26:54,743 - INFO - Processing WorkOrder ID: 39665
2024-12-29 19:26:55,321 - INFO - Success: WorkOrder ID 39665
2024-12-29 19:26:55,321 - INFO - Processing WorkOrder ID: 37809
2024-12-29 19:26:55,864 - INFO - Success: WorkOrder ID 37809
2024-12-29 19:26:55,864 - INFO - Processing WorkOrder ID: 36943
2024-12-29 19:26:56,408 - INFO - Success: WorkOrder ID 36943
2024-12-29 19:26:56,409 - INFO - Processing WorkOrder ID: 35139
2024-12-29 19:26:57,020 - INFO - Success: WorkOrder ID 35139
2024-12-29 19:26:57,021 - INFO - Processing WorkOrder ID: 33893
2024-12-29 19:26:57,582 - INFO - Success: WorkOrder ID 33893
2024-12-29 19:26:57,583 - INFO - Processing WorkOrder ID: 33710
2024-12-29 19:26:58,255 - INFO - Success: WorkOrder ID 33710
2024-12-29 19:26:58,255 - INFO - Processing WorkOrder ID: 33707
2024-12-29 19:26:58,882 - INFO - Success: WorkOrder ID 33707
2024-12-29 19:26:58,882 - INFO - Workorder update process completed
2024-12-30 21:22:09,211 - INFO - Starting workorder update process
2024-12-30 21:22:09,211 - INFO - Processing WorkOrder ID: 49298
2024-12-30 21:22:09,875 - INFO - Success: WorkOrder ID 49298
2024-12-30 21:22:09,875 - INFO - Processing WorkOrder ID: 49260
2024-12-30 21:22:10,689 - INFO - Success: WorkOrder ID 49260
2024-12-30 21:22:10,689 - INFO - Processing WorkOrder ID: 49252
2024-12-30 21:22:11,303 - INFO - Success: WorkOrder ID 49252
2024-12-30 21:22:11,304 - INFO - Processing WorkOrder ID: 49250
2024-12-30 21:22:12,026 - INFO - Success: WorkOrder ID 49250
2024-12-30 21:22:12,027 - INFO - Processing WorkOrder ID: 49247
2024-12-30 21:22:12,839 - INFO - Success: WorkOrder ID 49247
2024-12-30 21:22:12,839 - INFO - Processing WorkOrder ID: 49245
2024-12-30 21:22:13,556 - INFO - Success: WorkOrder ID 49245
2024-12-30 21:22:13,557 - INFO - Processing WorkOrder ID: 49211
2024-12-30 21:22:14,273 - INFO - Success: WorkOrder ID 49211
2024-12-30 21:22:14,274 - INFO - Processing WorkOrder ID: 49194
2024-12-30 21:22:14,887 - INFO - Success: WorkOrder ID 49194
2024-12-30 21:22:14,887 - INFO - Processing WorkOrder ID: 49187
2024-12-30 21:22:15,606 - INFO - Success: WorkOrder ID 49187
2024-12-30 21:22:15,607 - INFO - Processing WorkOrder ID: 49119
2024-12-30 21:22:16,219 - INFO - Success: WorkOrder ID 49119
2024-12-30 21:22:16,219 - INFO - Processing WorkOrder ID: 49118
2024-12-30 21:22:16,832 - INFO - Success: WorkOrder ID 49118
2024-12-30 21:22:16,833 - INFO - Processing WorkOrder ID: 49069
2024-12-30 21:22:17,449 - INFO - Success: WorkOrder ID 49069
2024-12-30 21:22:17,449 - INFO - Processing WorkOrder ID: 49068
2024-12-30 21:22:17,992 - INFO - Success: WorkOrder ID 49068
2024-12-30 21:22:17,993 - INFO - Processing WorkOrder ID: 49067
2024-12-30 21:22:19,039 - INFO - Success: WorkOrder ID 49067
2024-12-30 21:22:19,039 - INFO - Processing WorkOrder ID: 49294
2024-12-30 21:22:19,707 - INFO - Success: WorkOrder ID 49294
2024-12-30 21:22:19,708 - INFO - Workorder update process completed
2025-01-01 18:13:59,052 - INFO - Starting workorder update process
2025-01-01 18:13:59,053 - INFO - Processing WorkOrder ID: 49376
2025-01-01 18:14:29,268 - INFO - Starting workorder update process
2025-01-01 18:14:29,268 - INFO - Processing WorkOrder ID: 49376
2025-01-01 18:14:30,179 - INFO - Success: WorkOrder ID 49376
2025-01-01 18:14:30,179 - INFO - Processing WorkOrder ID: 49375
2025-01-01 18:14:31,659 - INFO - Success: WorkOrder ID 49375
2025-01-01 18:14:31,660 - INFO - Processing WorkOrder ID: 49374
2025-01-01 18:14:32,436 - INFO - Success: WorkOrder ID 49374
2025-01-01 18:14:32,436 - INFO - Processing WorkOrder ID: 49323
2025-01-01 18:14:33,047 - INFO - Success: WorkOrder ID 49323
2025-01-01 18:14:33,047 - INFO - Processing WorkOrder ID: 49224
2025-01-01 18:14:33,763 - INFO - Success: WorkOrder ID 49224
2025-01-01 18:14:33,763 - INFO - Processing WorkOrder ID: 49151
2025-01-01 18:14:34,406 - INFO - Success: WorkOrder ID 49151
2025-01-01 18:14:34,406 - INFO - Processing WorkOrder ID: 49150
2025-01-01 18:14:35,094 - INFO - Success: WorkOrder ID 49150
2025-01-01 18:14:35,094 - INFO - Processing WorkOrder ID: 49130
2025-01-01 18:14:35,708 - INFO - Success: WorkOrder ID 49130
2025-01-01 18:14:35,709 - INFO - Processing WorkOrder ID: 49128
2025-01-01 18:14:36,245 - INFO - Success: WorkOrder ID 49128
2025-01-01 18:14:36,246 - INFO - Processing WorkOrder ID: 49127
2025-01-01 18:14:36,835 - INFO - Success: WorkOrder ID 49127
2025-01-01 18:14:36,835 - INFO - Processing WorkOrder ID: 49125
2025-01-01 18:14:37,450 - INFO - Success: WorkOrder ID 49125
2025-01-01 18:14:37,450 - INFO - Processing WorkOrder ID: 49123
2025-01-01 18:14:38,064 - INFO - Success: WorkOrder ID 49123
2025-01-01 18:14:38,064 - INFO - Processing WorkOrder ID: 49105
2025-01-01 18:14:38,887 - INFO - Success: WorkOrder ID 49105
2025-01-01 18:14:38,887 - INFO - Processing WorkOrder ID: 49104
2025-01-01 18:14:39,498 - INFO - Success: WorkOrder ID 49104
2025-01-01 18:14:39,499 - INFO - Processing WorkOrder ID: 49063
2025-01-01 18:14:40,075 - INFO - Success: WorkOrder ID 49063
2025-01-01 18:14:40,075 - INFO - Processing WorkOrder ID: 49012
2025-01-01 18:14:40,624 - INFO - Success: WorkOrder ID 49012
2025-01-01 18:14:40,624 - INFO - Processing WorkOrder ID: 48986
2025-01-01 18:14:41,238 - INFO - Success: WorkOrder ID 48986
2025-01-01 18:14:41,239 - INFO - Processing WorkOrder ID: 48985
2025-01-01 18:14:41,852 - INFO - Success: WorkOrder ID 48985
2025-01-01 18:14:41,853 - INFO - Processing WorkOrder ID: 48713
2025-01-01 18:14:42,467 - INFO - Success: WorkOrder ID 48713
2025-01-01 18:14:42,468 - INFO - Processing WorkOrder ID: 48711
2025-01-01 18:14:43,908 - INFO - Success: WorkOrder ID 48711
2025-01-01 18:14:43,908 - INFO - Processing WorkOrder ID: 48476
2025-01-01 18:14:44,528 - INFO - Success: WorkOrder ID 48476
2025-01-01 18:14:44,529 - INFO - Processing WorkOrder ID: 48474
2025-01-01 18:14:45,130 - INFO - Success: WorkOrder ID 48474
2025-01-01 18:14:45,131 - INFO - Processing WorkOrder ID: 48473
2025-01-01 18:14:45,744 - INFO - Success: WorkOrder ID 48473
2025-01-01 18:14:45,744 - INFO - Processing WorkOrder ID: 48439
2025-01-01 18:14:46,359 - INFO - Success: WorkOrder ID 48439
2025-01-01 18:14:46,359 - INFO - Processing WorkOrder ID: 48378
2025-01-01 18:14:46,976 - INFO - Success: WorkOrder ID 48378
2025-01-01 18:14:46,977 - INFO - Processing WorkOrder ID: 48301
2025-01-01 18:14:47,587 - INFO - Success: WorkOrder ID 48301
2025-01-01 18:14:47,588 - INFO - Processing WorkOrder ID: 48285
2025-01-01 18:14:48,202 - INFO - Success: WorkOrder ID 48285
2025-01-01 18:14:48,202 - INFO - Processing WorkOrder ID: 48127
2025-01-01 18:14:48,816 - INFO - Success: WorkOrder ID 48127
2025-01-01 18:14:48,816 - INFO - Processing WorkOrder ID: 48022
2025-01-01 18:14:49,369 - INFO - Success: WorkOrder ID 48022
2025-01-01 18:14:49,370 - INFO - Processing WorkOrder ID: 48017
2025-01-01 18:14:49,969 - INFO - Success: WorkOrder ID 48017
2025-01-01 18:14:49,970 - INFO - Processing WorkOrder ID: 48010
2025-01-01 18:14:50,535 - INFO - Success: WorkOrder ID 48010
2025-01-01 18:14:50,535 - INFO - Processing WorkOrder ID: 48009
2025-01-01 18:14:51,173 - INFO - Success: WorkOrder ID 48009
2025-01-01 18:14:51,174 - INFO - Processing WorkOrder ID: 48007
2025-01-01 18:14:51,786 - INFO - Success: WorkOrder ID 48007
2025-01-01 18:14:51,786 - INFO - Processing WorkOrder ID: 48005
2025-01-01 18:14:52,400 - INFO - Success: WorkOrder ID 48005
2025-01-01 18:14:52,401 - INFO - Processing WorkOrder ID: 47672
2025-01-01 18:14:52,987 - INFO - Success: WorkOrder ID 47672
2025-01-01 18:14:52,987 - INFO - Processing WorkOrder ID: 47581
2025-01-01 18:14:53,545 - INFO - Success: WorkOrder ID 47581
2025-01-01 18:14:53,546 - INFO - Processing WorkOrder ID: 47460
2025-01-01 18:14:54,136 - INFO - Success: WorkOrder ID 47460
2025-01-01 18:14:54,140 - INFO - Processing WorkOrder ID: 47200
2025-01-01 18:14:54,746 - INFO - Success: WorkOrder ID 47200
2025-01-01 18:14:54,746 - INFO - Processing WorkOrder ID: 47199
2025-01-01 18:14:55,403 - INFO - Success: WorkOrder ID 47199
2025-01-01 18:14:55,404 - INFO - Processing WorkOrder ID: 47067
2025-01-01 18:15:01,120 - INFO - Success: WorkOrder ID 47067
2025-01-01 18:15:01,121 - INFO - Processing WorkOrder ID: 47066
2025-01-01 18:15:01,837 - INFO - Success: WorkOrder ID 47066
2025-01-01 18:15:01,837 - INFO - Processing WorkOrder ID: 46910
2025-01-01 18:15:02,847 - INFO - Success: WorkOrder ID 46910
2025-01-01 18:15:02,848 - INFO - Processing WorkOrder ID: 46825
2025-01-01 18:15:03,461 - INFO - Success: WorkOrder ID 46825
2025-01-01 18:15:03,461 - INFO - Processing WorkOrder ID: 46436
2025-01-01 18:15:04,184 - INFO - Success: WorkOrder ID 46436
2025-01-01 18:15:04,184 - INFO - Processing WorkOrder ID: 46109
2025-01-01 18:15:04,941 - INFO - Success: WorkOrder ID 46109
2025-01-01 18:15:04,941 - INFO - Processing WorkOrder ID: 45990
2025-01-01 18:15:05,819 - INFO - Success: WorkOrder ID 45990
2025-01-01 18:15:05,820 - INFO - Processing WorkOrder ID: 45522
2025-01-01 18:15:06,609 - INFO - Success: WorkOrder ID 45522
2025-01-01 18:15:06,609 - INFO - Processing WorkOrder ID: 45337
2025-01-01 18:15:07,370 - INFO - Success: WorkOrder ID 45337
2025-01-01 18:15:07,371 - INFO - Processing WorkOrder ID: 45301
2025-01-01 18:15:08,012 - INFO - Success: WorkOrder ID 45301
2025-01-01 18:15:08,012 - INFO - Processing WorkOrder ID: 45214
2025-01-01 18:15:08,649 - INFO - Success: WorkOrder ID 45214
2025-01-01 18:15:08,650 - INFO - Processing WorkOrder ID: 45076
2025-01-01 18:15:09,324 - INFO - Success: WorkOrder ID 45076
2025-01-01 18:15:09,325 - INFO - Processing WorkOrder ID: 44858
2025-01-01 18:15:09,965 - INFO - Success: WorkOrder ID 44858
2025-01-01 18:15:09,965 - INFO - Processing WorkOrder ID: 44406
2025-01-01 18:15:10,604 - INFO - Success: WorkOrder ID 44406
2025-01-01 18:15:10,604 - INFO - Processing WorkOrder ID: 43756
2025-01-01 18:15:16,364 - INFO - Success: WorkOrder ID 43756
2025-01-01 18:15:16,365 - INFO - Processing WorkOrder ID: 43652
2025-01-01 18:15:17,182 - INFO - Success: WorkOrder ID 43652
2025-01-01 18:15:17,182 - INFO - Processing WorkOrder ID: 43541
2025-01-01 18:15:17,796 - INFO - Success: WorkOrder ID 43541
2025-01-01 18:15:17,797 - INFO - Processing WorkOrder ID: 43430
2025-01-01 18:15:18,514 - INFO - Success: WorkOrder ID 43430
2025-01-01 18:15:18,515 - INFO - Processing WorkOrder ID: 42744
2025-01-01 18:15:19,230 - INFO - Success: WorkOrder ID 42744
2025-01-01 18:15:19,231 - INFO - Processing WorkOrder ID: 42557
2025-01-01 18:15:19,948 - INFO - Success: WorkOrder ID 42557
2025-01-01 18:15:19,948 - INFO - Processing WorkOrder ID: 42550
2025-01-01 18:15:21,073 - INFO - Success: WorkOrder ID 42550
2025-01-01 18:15:21,074 - INFO - Processing WorkOrder ID: 42295
2025-01-01 18:15:21,995 - INFO - Success: WorkOrder ID 42295
2025-01-01 18:15:21,995 - INFO - Processing WorkOrder ID: 41967
2025-01-01 18:15:22,772 - INFO - Success: WorkOrder ID 41967
2025-01-01 18:15:22,774 - INFO - Processing WorkOrder ID: 41545
2025-01-01 18:15:23,430 - INFO - Success: WorkOrder ID 41545
2025-01-01 18:15:23,431 - INFO - Processing WorkOrder ID: 41393
2025-01-01 18:15:24,146 - INFO - Success: WorkOrder ID 41393
2025-01-01 18:15:24,147 - INFO - Processing WorkOrder ID: 41366
2025-01-01 18:15:24,694 - INFO - Success: WorkOrder ID 41366
2025-01-01 18:15:24,694 - INFO - Processing WorkOrder ID: 41363
2025-01-01 18:15:25,420 - INFO - Success: WorkOrder ID 41363
2025-01-01 18:15:25,421 - INFO - Processing WorkOrder ID: 40710
2025-01-01 18:15:26,018 - INFO - Success: WorkOrder ID 40710
2025-01-01 18:15:26,018 - INFO - Processing WorkOrder ID: 40530
2025-01-01 18:15:26,705 - INFO - Success: WorkOrder ID 40530
2025-01-01 18:15:26,706 - INFO - Processing WorkOrder ID: 34768
2025-01-01 18:15:27,425 - INFO - Success: WorkOrder ID 34768
2025-01-01 18:15:27,425 - INFO - Processing WorkOrder ID: 49373
2025-01-01 18:15:28,038 - INFO - Success: WorkOrder ID 49373
2025-01-01 18:15:28,039 - INFO - Processing WorkOrder ID: 49366
2025-01-01 18:15:28,626 - INFO - Success: WorkOrder ID 49366
2025-01-01 18:15:28,626 - INFO - Processing WorkOrder ID: 49365
2025-01-01 18:15:29,265 - INFO - Success: WorkOrder ID 49365
2025-01-01 18:15:29,265 - INFO - Processing WorkOrder ID: 49336
2025-01-01 18:15:29,880 - INFO - Success: WorkOrder ID 49336
2025-01-01 18:15:29,881 - INFO - Processing WorkOrder ID: 49335
2025-01-01 18:15:30,597 - INFO - Success: WorkOrder ID 49335
2025-01-01 18:15:30,598 - INFO - Processing WorkOrder ID: 49210
2025-01-01 18:15:31,211 - INFO - Success: WorkOrder ID 49210
2025-01-01 18:15:31,212 - INFO - Processing WorkOrder ID: 49176
2025-01-01 18:15:32,133 - INFO - Success: WorkOrder ID 49176
2025-01-01 18:15:32,134 - INFO - Processing WorkOrder ID: 49111
2025-01-01 18:15:32,747 - INFO - Success: WorkOrder ID 49111
2025-01-01 18:15:32,748 - INFO - Processing WorkOrder ID: 49110
2025-01-01 18:15:33,361 - INFO - Success: WorkOrder ID 49110
2025-01-01 18:15:33,362 - INFO - Processing WorkOrder ID: 49084
2025-01-01 18:15:34,079 - INFO - Success: WorkOrder ID 49084
2025-01-01 18:15:34,080 - INFO - Processing WorkOrder ID: 49083
2025-01-01 18:15:34,693 - INFO - Success: WorkOrder ID 49083
2025-01-01 18:15:34,693 - INFO - Processing WorkOrder ID: 49040
2025-01-01 18:15:35,309 - INFO - Success: WorkOrder ID 49040
2025-01-01 18:15:35,311 - INFO - Processing WorkOrder ID: 49039
2025-01-01 18:15:35,921 - INFO - Success: WorkOrder ID 49039
2025-01-01 18:15:35,922 - INFO - Processing WorkOrder ID: 48963
2025-01-01 18:15:36,620 - INFO - Success: WorkOrder ID 48963
2025-01-01 18:15:36,621 - INFO - Processing WorkOrder ID: 48951
2025-01-01 18:15:37,357 - INFO - Success: WorkOrder ID 48951
2025-01-01 18:15:37,358 - INFO - Processing WorkOrder ID: 48950
2025-01-01 18:15:37,946 - INFO - Success: WorkOrder ID 48950
2025-01-01 18:15:37,947 - INFO - Processing WorkOrder ID: 48896
2025-01-01 18:15:38,603 - INFO - Success: WorkOrder ID 48896
2025-01-01 18:15:38,603 - INFO - Processing WorkOrder ID: 48717
2025-01-01 18:15:39,301 - INFO - Success: WorkOrder ID 48717
2025-01-01 18:15:39,302 - INFO - Processing WorkOrder ID: 48716
2025-01-01 18:15:43,295 - INFO - Success: WorkOrder ID 48716
2025-01-01 18:15:43,296 - INFO - Processing WorkOrder ID: 48586
2025-01-01 18:15:44,127 - INFO - Success: WorkOrder ID 48586
2025-01-01 18:15:44,128 - INFO - Processing WorkOrder ID: 48524
2025-01-01 18:15:44,681 - INFO - Success: WorkOrder ID 48524
2025-01-01 18:15:44,682 - INFO - Processing WorkOrder ID: 48523
2025-01-01 18:15:45,343 - INFO - Success: WorkOrder ID 48523
2025-01-01 18:15:45,343 - INFO - Processing WorkOrder ID: 47918
2025-01-01 18:15:45,929 - INFO - Success: WorkOrder ID 47918
2025-01-01 18:15:45,930 - INFO - Processing WorkOrder ID: 47908
2025-01-01 18:15:46,572 - INFO - Success: WorkOrder ID 47908
2025-01-01 18:15:46,572 - INFO - Processing WorkOrder ID: 47099
2025-01-01 18:15:47,188 - INFO - Success: WorkOrder ID 47099
2025-01-01 18:15:47,188 - INFO - Processing WorkOrder ID: 47071
2025-01-01 18:15:47,801 - INFO - Success: WorkOrder ID 47071
2025-01-01 18:15:47,802 - INFO - Processing WorkOrder ID: 47070
2025-01-01 18:15:48,414 - INFO - Success: WorkOrder ID 47070
2025-01-01 18:15:48,415 - INFO - Processing WorkOrder ID: 46936
2025-01-01 18:15:49,030 - INFO - Success: WorkOrder ID 46936
2025-01-01 18:15:49,031 - INFO - Processing WorkOrder ID: 46832
2025-01-01 18:15:49,642 - INFO - Success: WorkOrder ID 46832
2025-01-01 18:15:49,642 - INFO - Processing WorkOrder ID: 46831
2025-01-01 18:15:50,257 - INFO - Success: WorkOrder ID 46831
2025-01-01 18:15:50,258 - INFO - Processing WorkOrder ID: 46745
2025-01-01 18:15:50,876 - INFO - Success: WorkOrder ID 46745
2025-01-01 18:15:50,876 - INFO - Processing WorkOrder ID: 46550
2025-01-01 18:15:51,694 - INFO - Success: WorkOrder ID 46550
2025-01-01 18:15:51,695 - INFO - Processing WorkOrder ID: 45684
2025-01-01 18:15:52,308 - INFO - Success: WorkOrder ID 45684
2025-01-01 18:15:52,309 - INFO - Processing WorkOrder ID: 45258
2025-01-01 18:15:52,991 - INFO - Success: WorkOrder ID 45258
2025-01-01 18:15:52,991 - INFO - Processing WorkOrder ID: 44987
2025-01-01 18:15:53,988 - INFO - Success: WorkOrder ID 44987
2025-01-01 18:15:53,988 - INFO - Processing WorkOrder ID: 41966
2025-01-01 18:15:54,600 - INFO - Success: WorkOrder ID 41966
2025-01-01 18:15:54,600 - INFO - Processing WorkOrder ID: 41367
2025-01-01 18:15:55,276 - INFO - Success: WorkOrder ID 41367
2025-01-01 18:15:55,276 - INFO - Workorder update process completed
2025-01-04 12:00:00,583 - INFO - Starting workorder update process
2025-01-04 12:00:00,584 - INFO - Processing WorkOrder ID: 48395
2025-01-04 12:00:03,160 - INFO - Success: WorkOrder ID 48395
2025-01-04 12:00:03,160 - INFO - Processing WorkOrder ID: 48586
2025-01-04 12:00:05,314 - INFO - Success: WorkOrder ID 48586
2025-01-04 12:00:05,315 - INFO - Workorder update process completed
2025-01-11 18:42:53,893 - INFO - Starting workorder update process
2025-01-11 18:42:53,894 - INFO - Processing WorkOrder ID: 49482
2025-01-11 18:42:54,854 - INFO - Success: WorkOrder ID 49482
2025-01-11 18:42:54,854 - INFO - Processing WorkOrder ID: 49470
2025-01-11 18:42:55,567 - INFO - Success: WorkOrder ID 49470
2025-01-11 18:42:55,567 - INFO - Processing WorkOrder ID: 49465
2025-01-11 18:42:56,388 - INFO - Success: WorkOrder ID 49465
2025-01-11 18:42:56,388 - INFO - Processing WorkOrder ID: 49463
2025-01-11 18:42:57,206 - INFO - Success: WorkOrder ID 49463
2025-01-11 18:42:57,206 - INFO - Processing WorkOrder ID: 49462
2025-01-11 18:42:57,969 - INFO - Success: WorkOrder ID 49462
2025-01-11 18:42:57,969 - INFO - Processing WorkOrder ID: 49461
2025-01-11 18:42:58,889 - INFO - Success: WorkOrder ID 49461
2025-01-11 18:42:58,890 - INFO - Processing WorkOrder ID: 49460
2025-01-11 18:42:59,665 - INFO - Success: WorkOrder ID 49460
2025-01-11 18:42:59,666 - INFO - Processing WorkOrder ID: 49459
2025-01-11 18:43:00,482 - INFO - Success: WorkOrder ID 49459
2025-01-11 18:43:00,482 - INFO - Processing WorkOrder ID: 49458
2025-01-11 18:43:01,301 - INFO - Success: WorkOrder ID 49458
2025-01-11 18:43:01,301 - INFO - Processing WorkOrder ID: 49457
2025-01-11 18:43:02,125 - INFO - Success: WorkOrder ID 49457
2025-01-11 18:43:02,125 - INFO - Processing WorkOrder ID: 49456
2025-01-11 18:43:02,945 - INFO - Success: WorkOrder ID 49456
2025-01-11 18:43:02,946 - INFO - Processing WorkOrder ID: 49454
2025-01-11 18:43:03,964 - INFO - Success: WorkOrder ID 49454
2025-01-11 18:43:03,965 - INFO - Processing WorkOrder ID: 49435
2025-01-11 18:43:04,787 - INFO - Success: WorkOrder ID 49435
2025-01-11 18:43:04,787 - INFO - Processing WorkOrder ID: 49434
2025-01-11 18:43:05,608 - INFO - Success: WorkOrder ID 49434
2025-01-11 18:43:05,608 - INFO - Processing WorkOrder ID: 49431
2025-01-11 18:43:06,422 - INFO - Success: WorkOrder ID 49431
2025-01-11 18:43:06,422 - INFO - Processing WorkOrder ID: 49430
2025-01-11 18:43:07,241 - INFO - Success: WorkOrder ID 49430
2025-01-11 18:43:07,241 - INFO - Processing WorkOrder ID: 49429
2025-01-11 18:43:08,107 - INFO - Success: WorkOrder ID 49429
2025-01-11 18:43:08,107 - INFO - Processing WorkOrder ID: 49427
2025-01-11 18:43:08,878 - INFO - Success: WorkOrder ID 49427
2025-01-11 18:43:08,879 - INFO - Processing WorkOrder ID: 49425
2025-01-11 18:43:09,745 - INFO - Success: WorkOrder ID 49425
2025-01-11 18:43:09,745 - INFO - Processing WorkOrder ID: 49424
2025-01-11 18:43:10,518 - INFO - Success: WorkOrder ID 49424
2025-01-11 18:43:10,518 - INFO - Processing WorkOrder ID: 49423
2025-01-11 18:43:11,337 - INFO - Success: WorkOrder ID 49423
2025-01-11 18:43:11,337 - INFO - Processing WorkOrder ID: 49422
2025-01-11 18:43:12,115 - INFO - Success: WorkOrder ID 49422
2025-01-11 18:43:12,115 - INFO - Processing WorkOrder ID: 49421
2025-01-11 18:43:12,865 - INFO - Success: WorkOrder ID 49421
2025-01-11 18:43:12,866 - INFO - Processing WorkOrder ID: 49420
2025-01-11 18:43:13,634 - INFO - Success: WorkOrder ID 49420
2025-01-11 18:43:13,634 - INFO - Processing WorkOrder ID: 49419
2025-01-11 18:43:14,359 - INFO - Success: WorkOrder ID 49419
2025-01-11 18:43:14,360 - INFO - Processing WorkOrder ID: 49418
2025-01-11 18:43:15,276 - INFO - Success: WorkOrder ID 49418
2025-01-11 18:43:15,276 - INFO - Processing WorkOrder ID: 49417
2025-01-11 18:43:16,258 - INFO - Success: WorkOrder ID 49417
2025-01-11 18:43:16,258 - INFO - Processing WorkOrder ID: 49416
2025-01-11 18:43:17,075 - INFO - Success: WorkOrder ID 49416
2025-01-11 18:43:17,075 - INFO - Processing WorkOrder ID: 49415
2025-01-11 18:43:17,934 - INFO - Success: WorkOrder ID 49415
2025-01-11 18:43:17,935 - INFO - Processing WorkOrder ID: 49409
2025-01-11 18:43:18,718 - INFO - Success: WorkOrder ID 49409
2025-01-11 18:43:18,718 - INFO - Processing WorkOrder ID: 49405
2025-01-11 18:43:19,529 - INFO - Success: WorkOrder ID 49405
2025-01-11 18:43:19,530 - INFO - Processing WorkOrder ID: 49404
2025-01-11 18:43:20,454 - INFO - Success: WorkOrder ID 49404
2025-01-11 18:43:20,454 - INFO - Processing WorkOrder ID: 49403
2025-01-11 18:43:21,270 - INFO - Success: WorkOrder ID 49403
2025-01-11 18:43:21,270 - INFO - Processing WorkOrder ID: 49402
2025-01-11 18:43:22,092 - INFO - Success: WorkOrder ID 49402
2025-01-11 18:43:22,093 - INFO - Processing WorkOrder ID: 49401
2025-01-11 18:43:22,808 - INFO - Success: WorkOrder ID 49401
2025-01-11 18:43:22,808 - INFO - Processing WorkOrder ID: 49399
2025-01-11 18:43:23,631 - INFO - Success: WorkOrder ID 49399
2025-01-11 18:43:23,631 - INFO - Processing WorkOrder ID: 49398
2025-01-11 18:43:24,489 - INFO - Success: WorkOrder ID 49398
2025-01-11 18:43:24,489 - INFO - Processing WorkOrder ID: 49396
2025-01-11 18:43:25,263 - INFO - Success: WorkOrder ID 49396
2025-01-11 18:43:25,264 - INFO - Processing WorkOrder ID: 49395
2025-01-11 18:43:26,084 - INFO - Success: WorkOrder ID 49395
2025-01-11 18:43:26,084 - INFO - Processing WorkOrder ID: 49394
2025-01-11 18:43:26,907 - INFO - Success: WorkOrder ID 49394
2025-01-11 18:43:26,907 - INFO - Processing WorkOrder ID: 49393
2025-01-11 18:43:27,561 - INFO - Success: WorkOrder ID 49393
2025-01-11 18:43:27,561 - INFO - Processing WorkOrder ID: 49392
2025-01-11 18:43:28,441 - INFO - Success: WorkOrder ID 49392
2025-01-11 18:43:28,441 - INFO - Processing WorkOrder ID: 49391
2025-01-11 18:43:29,363 - INFO - Success: WorkOrder ID 49391
2025-01-11 18:43:29,364 - INFO - Processing WorkOrder ID: 49390
2025-01-11 18:43:30,080 - INFO - Success: WorkOrder ID 49390
2025-01-11 18:43:30,080 - INFO - Processing WorkOrder ID: 49389
2025-01-11 18:43:30,897 - INFO - Success: WorkOrder ID 49389
2025-01-11 18:43:30,898 - INFO - Processing WorkOrder ID: 49387
2025-01-11 18:43:32,643 - INFO - Success: WorkOrder ID 49387
2025-01-11 18:43:32,643 - INFO - Processing WorkOrder ID: 49383
2025-01-11 18:43:33,565 - INFO - Success: WorkOrder ID 49383
2025-01-11 18:43:33,565 - INFO - Processing WorkOrder ID: 49372
2025-01-11 18:43:34,479 - INFO - Success: WorkOrder ID 49372
2025-01-11 18:43:34,479 - INFO - Processing WorkOrder ID: 49365
2025-01-11 18:43:35,303 - INFO - Success: WorkOrder ID 49365
2025-01-11 18:43:35,303 - INFO - Processing WorkOrder ID: 49319
2025-01-11 18:43:36,066 - INFO - Success: WorkOrder ID 49319
2025-01-11 18:43:36,066 - INFO - Processing WorkOrder ID: 49289
2025-01-11 18:43:37,391 - INFO - Success: WorkOrder ID 49289
2025-01-11 18:43:37,392 - INFO - Processing WorkOrder ID: 49256
2025-01-11 18:43:38,176 - INFO - Success: WorkOrder ID 49256
2025-01-11 18:43:38,176 - INFO - Processing WorkOrder ID: 49236
2025-01-11 18:43:39,081 - INFO - Success: WorkOrder ID 49236
2025-01-11 18:43:39,082 - INFO - Processing WorkOrder ID: 49176
2025-01-11 18:43:39,804 - INFO - Success: WorkOrder ID 49176
2025-01-11 18:43:39,805 - INFO - Processing WorkOrder ID: 49104
2025-01-11 18:43:40,629 - INFO - Success: WorkOrder ID 49104
2025-01-11 18:43:40,629 - INFO - Processing WorkOrder ID: 48976
2025-01-11 18:43:41,442 - INFO - Success: WorkOrder ID 48976
2025-01-11 18:43:41,443 - INFO - Processing WorkOrder ID: 48964
2025-01-11 18:43:43,133 - INFO - Success: WorkOrder ID 48964
2025-01-11 18:43:43,133 - INFO - Processing WorkOrder ID: 48099
2025-01-11 18:43:44,008 - INFO - Success: WorkOrder ID 48099
2025-01-11 18:43:44,008 - INFO - Processing WorkOrder ID: 48092
2025-01-11 18:43:44,720 - INFO - Success: WorkOrder ID 48092
2025-01-11 18:43:44,721 - INFO - Processing WorkOrder ID: 47934
2025-01-11 18:43:45,481 - INFO - Success: WorkOrder ID 47934
2025-01-11 18:43:45,481 - INFO - Processing WorkOrder ID: 47875
2025-01-11 18:43:46,258 - INFO - Success: WorkOrder ID 47875
2025-01-11 18:43:46,258 - INFO - Processing WorkOrder ID: 47126
2025-01-11 18:43:47,021 - INFO - Success: WorkOrder ID 47126
2025-01-11 18:43:47,021 - INFO - Processing WorkOrder ID: 46939
2025-01-11 18:43:47,997 - INFO - Success: WorkOrder ID 46939
2025-01-11 18:43:47,998 - INFO - Processing WorkOrder ID: 46825
2025-01-11 18:43:48,713 - INFO - Success: WorkOrder ID 46825
2025-01-11 18:43:48,714 - INFO - Processing WorkOrder ID: 46740
2025-01-11 18:43:49,429 - INFO - Success: WorkOrder ID 46740
2025-01-11 18:43:49,430 - INFO - Processing WorkOrder ID: 46589
2025-01-11 18:43:50,253 - INFO - Success: WorkOrder ID 46589
2025-01-11 18:43:50,253 - INFO - Processing WorkOrder ID: 45733
2025-01-11 18:43:51,280 - INFO - Success: WorkOrder ID 45733
2025-01-11 18:43:51,281 - INFO - Processing WorkOrder ID: 45679
2025-01-11 18:43:52,098 - INFO - Success: WorkOrder ID 45679
2025-01-11 18:43:52,099 - INFO - Processing WorkOrder ID: 45678
2025-01-11 18:43:53,116 - INFO - Success: WorkOrder ID 45678
2025-01-11 18:43:53,116 - INFO - Processing WorkOrder ID: 45594
2025-01-11 18:43:54,041 - INFO - Success: WorkOrder ID 45594
2025-01-11 18:43:54,041 - INFO - Processing WorkOrder ID: 44527
2025-01-11 18:43:54,798 - INFO - Success: WorkOrder ID 44527
2025-01-11 18:43:54,799 - INFO - Processing WorkOrder ID: 44180
2025-01-11 18:43:55,721 - INFO - Success: WorkOrder ID 44180
2025-01-11 18:43:55,721 - INFO - Processing WorkOrder ID: 43756
2025-01-11 18:43:56,436 - INFO - Success: WorkOrder ID 43756
2025-01-11 18:43:56,437 - INFO - Processing WorkOrder ID: 43400
2025-01-11 18:43:57,425 - INFO - Success: WorkOrder ID 43400
2025-01-11 18:43:57,426 - INFO - Processing WorkOrder ID: 42557
2025-01-11 18:43:58,295 - INFO - Success: WorkOrder ID 42557
2025-01-11 18:43:58,296 - INFO - Processing WorkOrder ID: 41363
2025-01-11 18:43:59,215 - INFO - Success: WorkOrder ID 41363
2025-01-11 18:43:59,216 - INFO - Processing WorkOrder ID: 40512
2025-01-11 18:44:00,183 - INFO - Success: WorkOrder ID 40512
2025-01-11 18:44:00,183 - INFO - Processing WorkOrder ID: 37241
2025-01-11 18:44:00,901 - INFO - Success: WorkOrder ID 37241
2025-01-11 18:44:00,901 - INFO - Processing WorkOrder ID: 34768
2025-01-11 18:44:01,661 - INFO - Success: WorkOrder ID 34768
2025-01-11 18:44:01,662 - INFO - Workorder update process completed
